INFO:root:2016-12-22 11:31:03.948042: Starting Speed Datalog.
INFO:root:2016-12-22 11:31:03.950038: Integer Speed =10.
INFO:root:2016-12-22 11:31:03.951208: Decimal Speed =6.
INFO:root:2016-12-22 11:31:04.052128: Actual Speed =10.006.
INFO:root:2016-12-22 11:31:04.053412: Integer Speed =10.
INFO:root:2016-12-22 11:31:04.054334: Decimal Speed =6.
INFO:root:2016-12-22 11:31:04.155424: Actual Speed =10.006.
INFO:root:2016-12-22 11:31:04.156389: Integer Speed =9.
INFO:root:2016-12-22 11:31:04.156760: Decimal Speed =989.
INFO:root:2016-12-22 11:31:04.257216: Actual Speed =9.989.
INFO:root:2016-12-22 11:31:04.258103: Integer Speed =9.
INFO:root:2016-12-22 11:31:04.258361: Decimal Speed =989.
INFO:root:2016-12-22 11:31:04.358781: Actual Speed =9.989.
INFO:root:2016-12-22 11:31:04.359664: Integer Speed =10.
INFO:root:2016-12-22 11:31:04.359915: Decimal Speed =6.
INFO:root:2016-12-22 11:31:04.460383: Actual Speed =10.006.
INFO:root:2016-12-22 11:31:04.461415: Integer Speed =10.
INFO:root:2016-12-22 11:31:04.461883: Decimal Speed =6.
INFO:root:2016-12-22 11:31:04.562454: Actual Speed =10.006.
INFO:root:2016-12-22 11:31:04.563424: Integer Speed =10.
INFO:root:2016-12-22 11:31:04.563812: Decimal Speed =6.
INFO:root:2016-12-22 11:31:04.664357: Actual Speed =10.006.
INFO:root:2016-12-22 11:31:04.665312: Integer Speed =9.
INFO:root:2016-12-22 11:31:04.665602: Decimal Speed =989.
INFO:root:2016-12-22 11:31:04.766021: Actual Speed =9.989.
INFO:root:2016-12-22 11:31:04.766892: Integer Speed =9.
INFO:root:2016-12-22 11:31:04.767147: Decimal Speed =989.
INFO:root:2016-12-22 11:31:04.867587: Actual Speed =9.989.
INFO:root:2016-12-22 11:31:04.868998: Integer Speed =10.
INFO:root:2016-12-22 11:31:04.870055: Decimal Speed =6.
INFO:root:2016-12-22 11:31:04.971332: Actual Speed =10.006.
INFO:root:2016-12-22 11:31:04.972332: Integer Speed =10.
INFO:root:2016-12-22 11:31:04.972737: Decimal Speed =6.
INFO:root:2016-12-22 11:31:05.073203: Actual Speed =10.006.
INFO:root:2016-12-22 11:31:05.074183: Integer Speed =10.
INFO:root:2016-12-22 11:31:05.074651: Decimal Speed =6.
INFO:root:2016-12-22 11:31:05.175236: Actual Speed =10.006.
INFO:root:2016-12-22 11:31:05.176160: Integer Speed =9.
INFO:root:2016-12-22 11:31:05.176467: Decimal Speed =989.
INFO:root:2016-12-22 11:31:05.276953: Actual Speed =9.989.
INFO:root:2016-12-22 11:31:05.278165: Integer Speed =9.
INFO:root:2016-12-22 11:31:05.278617: Decimal Speed =989.
INFO:root:2016-12-22 11:31:05.379288: Actual Speed =9.989.
INFO:root:2016-12-22 11:31:05.380510: Integer Speed =9.
INFO:root:2016-12-22 11:31:05.381146: Decimal Speed =989.
INFO:root:2016-12-22 11:31:05.481876: Actual Speed =9.989.
INFO:root:2016-12-22 11:31:05.482964: Integer Speed =9.
INFO:root:2016-12-22 11:31:05.483551: Decimal Speed =989.
INFO:root:2016-12-22 11:31:05.584021: Actual Speed =9.989.
INFO:root:2016-12-22 11:31:05.584936: Integer Speed =10.
INFO:root:2016-12-22 11:31:05.585195: Decimal Speed =6.
INFO:root:2016-12-22 11:31:05.685637: Actual Speed =10.006.
INFO:root:2016-12-22 11:31:05.686587: Integer Speed =10.
INFO:root:2016-12-22 11:31:05.693284: Decimal Speed =6.
INFO:root:2016-12-22 11:31:05.793796: Actual Speed =10.006.
INFO:root:2016-12-22 11:31:05.794712: Integer Speed =10.
INFO:root:2016-12-22 11:31:05.794973: Decimal Speed =6.
INFO:root:2016-12-22 11:31:05.895415: Actual Speed =10.006.
INFO:root:2016-12-22 11:31:05.896344: Integer Speed =10.
INFO:root:2016-12-22 11:31:05.896600: Decimal Speed =6.
INFO:root:2016-12-22 11:31:05.997029: Actual Speed =10.006.
INFO:root:2016-12-22 11:31:05.997946: Integer Speed =10.
INFO:root:2016-12-22 11:31:05.998206: Decimal Speed =6.
INFO:root:2016-12-22 11:31:06.098648: Actual Speed =10.006.
INFO:root:2016-12-22 11:31:06.099576: Integer Speed =10.
INFO:root:2016-12-22 11:31:06.099834: Decimal Speed =6.
INFO:root:2016-12-22 11:31:06.200262: Actual Speed =10.006.
INFO:root:2016-12-22 11:31:06.201178: Integer Speed =10.
INFO:root:2016-12-22 11:31:06.201473: Decimal Speed =6.
INFO:root:2016-12-22 11:31:06.301925: Actual Speed =10.006.
INFO:root:2016-12-22 11:31:06.302855: Integer Speed =10.
INFO:root:2016-12-22 11:31:06.303152: Decimal Speed =6.
INFO:root:2016-12-22 11:31:06.403610: Actual Speed =10.006.
INFO:root:2016-12-22 11:31:06.404591: Integer Speed =9.
INFO:root:2016-12-22 11:31:06.404966: Decimal Speed =989.
INFO:root:2016-12-22 11:31:06.505444: Actual Speed =9.989.
INFO:root:2016-12-22 11:31:06.506382: Integer Speed =9.
INFO:root:2016-12-22 11:31:06.506646: Decimal Speed =989.
INFO:root:2016-12-22 11:31:06.607084: Actual Speed =9.989.
INFO:root:2016-12-22 11:31:06.608006: Integer Speed =10.
INFO:root:2016-12-22 11:31:06.608267: Decimal Speed =6.
INFO:root:2016-12-22 11:31:06.708757: Actual Speed =10.006.
INFO:root:2016-12-22 11:31:06.709799: Integer Speed =10.
INFO:root:2016-12-22 11:31:06.710226: Decimal Speed =6.
INFO:root:2016-12-22 11:31:06.810742: Actual Speed =10.006.
INFO:root:2016-12-22 11:31:06.811695: Integer Speed =10.
INFO:root:2016-12-22 11:31:06.811987: Decimal Speed =6.
INFO:root:2016-12-22 11:31:06.912434: Actual Speed =10.006.
INFO:root:2016-12-22 11:31:06.913345: Integer Speed =10.
INFO:root:2016-12-22 11:31:06.913630: Decimal Speed =6.
INFO:root:2016-12-22 11:31:07.014086: Actual Speed =10.006.
INFO:root:2016-12-22 11:31:07.015018: Integer Speed =10.
INFO:root:2016-12-22 11:31:07.015331: Decimal Speed =6.
INFO:root:2016-12-22 11:31:07.115771: Actual Speed =10.006.
INFO:root:2016-12-22 11:31:07.116698: Integer Speed =9.
INFO:root:2016-12-22 11:31:07.116962: Decimal Speed =989.
INFO:root:2016-12-22 11:31:07.217397: Actual Speed =9.989.
INFO:root:2016-12-22 11:31:07.218317: Integer Speed =10.
INFO:root:2016-12-22 11:31:07.218573: Decimal Speed =6.
INFO:root:2016-12-22 11:31:07.319002: Actual Speed =10.006.
INFO:root:2016-12-22 11:31:07.319919: Integer Speed =10.
INFO:root:2016-12-22 11:31:07.320176: Decimal Speed =6.
INFO:root:2016-12-22 11:31:07.420605: Actual Speed =10.006.
INFO:root:2016-12-22 11:31:07.421566: Integer Speed =10.
INFO:root:2016-12-22 11:31:07.421832: Decimal Speed =6.
INFO:root:2016-12-22 11:31:07.522265: Actual Speed =10.006.
INFO:root:2016-12-22 11:31:07.523181: Integer Speed =9.
INFO:root:2016-12-22 11:31:07.523431: Decimal Speed =989.
INFO:root:2016-12-22 11:31:07.623862: Actual Speed =9.989.
INFO:root:2016-12-22 11:31:07.624778: Integer Speed =9.
INFO:root:2016-12-22 11:31:07.625033: Decimal Speed =989.
INFO:root:2016-12-22 11:31:07.725463: Actual Speed =9.989.
INFO:root:2016-12-22 11:31:07.726381: Integer Speed =9.
INFO:root:2016-12-22 11:31:07.726638: Decimal Speed =989.
INFO:root:2016-12-22 11:31:07.827068: Actual Speed =9.989.
INFO:root:2016-12-22 11:31:07.827982: Integer Speed =9.
INFO:root:2016-12-22 11:31:07.828241: Decimal Speed =989.
INFO:root:2016-12-22 11:31:07.928671: Actual Speed =9.989.
INFO:root:2016-12-22 11:31:07.929578: Integer Speed =10.
INFO:root:2016-12-22 11:31:07.929832: Decimal Speed =6.
INFO:root:2016-12-22 11:31:08.030339: Actual Speed =10.006.
INFO:root:2016-12-22 11:31:08.031428: Integer Speed =10.
INFO:root:2016-12-22 11:31:08.031857: Decimal Speed =23.
INFO:root:2016-12-22 11:31:08.132355: Actual Speed =10.023.
INFO:root:2016-12-22 11:31:08.133252: Integer Speed =10.
INFO:root:2016-12-22 11:31:08.133523: Decimal Speed =6.
INFO:root:2016-12-22 11:31:08.233942: Actual Speed =10.006.
INFO:root:2016-12-22 11:31:08.234834: Integer Speed =9.
INFO:root:2016-12-22 11:31:08.235092: Decimal Speed =989.
INFO:root:2016-12-22 11:31:08.335508: Actual Speed =9.989.
INFO:root:2016-12-22 11:31:08.336400: Integer Speed =9.
INFO:root:2016-12-22 11:31:08.336658: Decimal Speed =989.
INFO:root:2016-12-22 11:31:08.437071: Actual Speed =9.989.
INFO:root:2016-12-22 11:31:08.437958: Integer Speed =10.
INFO:root:2016-12-22 11:31:08.438217: Decimal Speed =6.
INFO:root:2016-12-22 11:31:08.538630: Actual Speed =10.006.
INFO:root:2016-12-22 11:31:08.539514: Integer Speed =9.
INFO:root:2016-12-22 11:31:08.539771: Decimal Speed =989.
INFO:root:2016-12-22 11:31:08.640185: Actual Speed =9.989.
INFO:root:2016-12-22 11:31:08.641074: Integer Speed =10.
INFO:root:2016-12-22 11:31:08.641335: Decimal Speed =6.
INFO:root:2016-12-22 11:31:08.741752: Actual Speed =10.006.
INFO:root:2016-12-22 11:31:08.742690: Integer Speed =10.
INFO:root:2016-12-22 11:31:08.742959: Decimal Speed =6.
INFO:root:2016-12-22 11:31:08.843376: Actual Speed =10.006.
INFO:root:2016-12-22 11:31:08.844269: Integer Speed =10.
INFO:root:2016-12-22 11:31:08.844529: Decimal Speed =6.
INFO:root:2016-12-22 11:31:08.944948: Actual Speed =10.006.
INFO:root:2016-12-22 11:31:08.945836: Integer Speed =9.
INFO:root:2016-12-22 11:31:08.946099: Decimal Speed =989.
INFO:root:2016-12-22 11:31:09.046514: Actual Speed =9.989.
INFO:root:2016-12-22 11:31:09.047403: Integer Speed =9.
INFO:root:2016-12-22 11:31:09.047662: Decimal Speed =989.
INFO:root:2016-12-22 11:31:09.148076: Actual Speed =9.989.
INFO:root:2016-12-22 11:31:09.148980: Integer Speed =10.
INFO:root:2016-12-22 11:31:09.149251: Decimal Speed =6.
INFO:root:2016-12-22 11:31:09.249670: Actual Speed =10.006.
INFO:root:2016-12-22 11:31:09.250564: Integer Speed =9.
INFO:root:2016-12-22 11:31:09.250825: Decimal Speed =768.
INFO:root:2016-12-22 11:31:09.351296: Actual Speed =9.768.
INFO:root:2016-12-22 11:31:09.352181: Integer Speed =10.
INFO:root:2016-12-22 11:31:09.352443: Decimal Speed =6.
INFO:root:2016-12-22 11:31:09.452859: Actual Speed =10.006.
INFO:root:2016-12-22 11:31:09.453737: Integer Speed =10.
INFO:root:2016-12-22 11:31:09.454001: Decimal Speed =6.
INFO:root:2016-12-22 11:31:09.554491: Actual Speed =10.006.
INFO:root:2016-12-22 11:31:09.565436: Integer Speed =10.
INFO:root:2016-12-22 11:31:09.565934: Decimal Speed =6.
INFO:root:2016-12-22 11:31:09.666460: Actual Speed =10.006.
INFO:root:2016-12-22 11:31:09.667388: Integer Speed =9.
INFO:root:2016-12-22 11:31:09.667686: Decimal Speed =989.
INFO:root:2016-12-22 11:31:09.768125: Actual Speed =9.989.
INFO:root:2016-12-22 11:31:09.769059: Integer Speed =10.
INFO:root:2016-12-22 11:31:09.769322: Decimal Speed =6.
INFO:root:2016-12-22 11:31:09.869762: Actual Speed =10.006.
INFO:root:2016-12-22 11:31:09.870714: Integer Speed =10.
INFO:root:2016-12-22 11:31:09.871025: Decimal Speed =6.
INFO:root:2016-12-22 11:31:09.971471: Actual Speed =10.006.
INFO:root:2016-12-22 11:31:09.972395: Integer Speed =9.
INFO:root:2016-12-22 11:31:09.972692: Decimal Speed =989.
INFO:root:2016-12-22 11:31:10.073140: Actual Speed =9.989.
INFO:root:2016-12-22 11:31:10.074082: Integer Speed =9.
INFO:root:2016-12-22 11:31:10.074349: Decimal Speed =989.
INFO:root:2016-12-22 11:31:10.174782: Actual Speed =9.989.
INFO:root:2016-12-22 11:31:10.175708: Integer Speed =9.
INFO:root:2016-12-22 11:31:10.176008: Decimal Speed =989.
INFO:root:2016-12-22 11:31:10.276492: Actual Speed =9.989.
INFO:root:2016-12-22 11:31:10.277711: Integer Speed =9.
INFO:root:2016-12-22 11:31:10.278179: Decimal Speed =989.
INFO:root:2016-12-22 11:31:10.378818: Actual Speed =9.989.
INFO:root:2016-12-22 11:31:10.379763: Integer Speed =10.
INFO:root:2016-12-22 11:31:10.380148: Decimal Speed =6.
INFO:root:2016-12-22 11:31:10.480605: Actual Speed =10.006.
INFO:root:2016-12-22 11:31:10.481579: Integer Speed =10.
INFO:root:2016-12-22 11:31:10.481859: Decimal Speed =6.
INFO:root:2016-12-22 11:31:10.582283: Actual Speed =10.006.
INFO:root:2016-12-22 11:31:10.583174: Integer Speed =10.
INFO:root:2016-12-22 11:31:10.583433: Decimal Speed =6.
INFO:root:2016-12-22 11:31:10.683846: Actual Speed =10.006.
INFO:root:2016-12-22 11:31:10.684760: Integer Speed =9.
INFO:root:2016-12-22 11:31:10.690454: Decimal Speed =989.
INFO:root:2016-12-22 11:31:10.790969: Actual Speed =9.989.
INFO:root:2016-12-22 11:31:10.791861: Integer Speed =9.
INFO:root:2016-12-22 11:31:10.792121: Decimal Speed =989.
INFO:root:2016-12-22 11:31:10.892536: Actual Speed =9.989.
INFO:root:2016-12-22 11:31:10.893425: Integer Speed =10.
INFO:root:2016-12-22 11:31:10.893687: Decimal Speed =6.
INFO:root:2016-12-22 11:31:10.994102: Actual Speed =10.006.
INFO:root:2016-12-22 11:31:10.994981: Integer Speed =10.
INFO:root:2016-12-22 11:31:10.995237: Decimal Speed =6.
INFO:root:2016-12-22 11:31:11.095648: Actual Speed =10.006.
INFO:root:2016-12-22 11:31:11.096532: Integer Speed =10.
INFO:root:2016-12-22 11:31:11.096790: Decimal Speed =6.
INFO:root:2016-12-22 11:31:11.197210: Actual Speed =10.006.
INFO:root:2016-12-22 11:31:11.198155: Integer Speed =9.
INFO:root:2016-12-22 11:31:11.198425: Decimal Speed =989.
INFO:root:2016-12-22 11:31:11.298838: Actual Speed =9.989.
INFO:root:2016-12-22 11:31:11.299723: Integer Speed =10.
INFO:root:2016-12-22 11:31:11.300027: Decimal Speed =6.
INFO:root:2016-12-22 11:31:11.400446: Actual Speed =10.006.
INFO:root:2016-12-22 11:31:11.401392: Integer Speed =9.
INFO:root:2016-12-22 11:31:11.401700: Decimal Speed =989.
INFO:root:2016-12-22 11:31:11.502121: Actual Speed =9.989.
INFO:root:2016-12-22 11:31:11.503002: Integer Speed =10.
INFO:root:2016-12-22 11:31:11.503260: Decimal Speed =6.
INFO:root:2016-12-22 11:31:11.603678: Actual Speed =10.006.
INFO:root:2016-12-22 11:31:11.604566: Integer Speed =10.
INFO:root:2016-12-22 11:31:11.604821: Decimal Speed =6.
INFO:root:2016-12-22 11:31:11.705240: Actual Speed =10.006.
INFO:root:2016-12-22 11:31:11.706130: Integer Speed =10.
INFO:root:2016-12-22 11:31:11.706385: Decimal Speed =6.
INFO:root:2016-12-22 11:31:11.806800: Actual Speed =10.006.
INFO:root:2016-12-22 11:31:11.807686: Integer Speed =9.
INFO:root:2016-12-22 11:31:11.807945: Decimal Speed =989.
INFO:root:2016-12-22 11:31:11.908360: Actual Speed =9.989.
INFO:root:2016-12-22 11:31:11.909244: Integer Speed =9.
INFO:root:2016-12-22 11:31:11.909500: Decimal Speed =989.
INFO:root:2016-12-22 11:31:12.009912: Actual Speed =9.989.
INFO:root:2016-12-22 11:31:12.010794: Integer Speed =10.
INFO:root:2016-12-22 11:31:12.011107: Decimal Speed =6.
INFO:root:2016-12-22 11:31:12.111517: Actual Speed =10.006.
INFO:root:2016-12-22 11:31:12.112396: Integer Speed =10.
INFO:root:2016-12-22 11:31:12.112653: Decimal Speed =6.
INFO:root:2016-12-22 11:31:12.213063: Actual Speed =10.006.
INFO:root:2016-12-22 11:31:12.213941: Integer Speed =10.
INFO:root:2016-12-22 11:31:12.214216: Decimal Speed =6.
INFO:root:2016-12-22 11:31:12.314644: Actual Speed =10.006.
INFO:root:2016-12-22 11:31:12.315526: Integer Speed =10.
INFO:root:2016-12-22 11:31:12.315785: Decimal Speed =6.
INFO:root:2016-12-22 11:31:12.416201: Actual Speed =10.006.
INFO:root:2016-12-22 11:31:12.417091: Integer Speed =10.
INFO:root:2016-12-22 11:31:12.417344: Decimal Speed =6.
INFO:root:2016-12-22 11:31:12.517760: Actual Speed =10.006.
INFO:root:2016-12-22 11:31:12.518644: Integer Speed =9.
INFO:root:2016-12-22 11:31:12.518895: Decimal Speed =989.
INFO:root:2016-12-22 11:31:12.619309: Actual Speed =9.989.
INFO:root:2016-12-22 11:31:12.620193: Integer Speed =9.
INFO:root:2016-12-22 11:31:12.620452: Decimal Speed =989.
INFO:root:2016-12-22 11:31:12.720866: Actual Speed =9.989.
INFO:root:2016-12-22 11:31:12.721792: Integer Speed =10.
INFO:root:2016-12-22 11:31:12.722051: Decimal Speed =6.
INFO:root:2016-12-22 11:31:12.822466: Actual Speed =10.006.
INFO:root:2016-12-22 11:31:12.823353: Integer Speed =10.
INFO:root:2016-12-22 11:31:12.823643: Decimal Speed =6.
INFO:root:2016-12-22 11:31:12.924062: Actual Speed =10.006.
INFO:root:2016-12-22 11:31:12.924943: Integer Speed =10.
INFO:root:2016-12-22 11:31:12.925211: Decimal Speed =6.
INFO:root:2016-12-22 11:31:13.025629: Actual Speed =10.006.
INFO:root:2016-12-22 11:31:13.026516: Integer Speed =10.
INFO:root:2016-12-22 11:31:13.026778: Decimal Speed =6.
INFO:root:2016-12-22 11:31:13.127190: Actual Speed =10.006.
INFO:root:2016-12-22 11:31:13.128083: Integer Speed =10.
INFO:root:2016-12-22 11:31:13.128346: Decimal Speed =6.
INFO:root:2016-12-22 11:31:13.228760: Actual Speed =10.006.
INFO:root:2016-12-22 11:31:13.229639: Integer Speed =9.
INFO:root:2016-12-22 11:31:13.229898: Decimal Speed =989.
INFO:root:2016-12-22 11:31:13.330313: Actual Speed =9.989.
INFO:root:2016-12-22 11:31:13.331208: Integer Speed =9.
INFO:root:2016-12-22 11:31:13.331467: Decimal Speed =989.
INFO:root:2016-12-22 11:31:13.431887: Actual Speed =9.989.
INFO:root:2016-12-22 11:31:13.432774: Integer Speed =10.
INFO:root:2016-12-22 11:31:13.433029: Decimal Speed =6.
INFO:root:2016-12-22 11:31:13.533449: Actual Speed =10.006.
INFO:root:2016-12-22 11:31:13.534333: Integer Speed =10.
INFO:root:2016-12-22 11:31:13.534589: Decimal Speed =6.
INFO:root:2016-12-22 11:31:13.635044: Actual Speed =10.006.
INFO:root:2016-12-22 11:31:13.635933: Integer Speed =10.
INFO:root:2016-12-22 11:31:13.636189: Decimal Speed =6.
INFO:root:2016-12-22 11:31:13.736602: Actual Speed =10.006.
INFO:root:2016-12-22 11:31:13.737482: Integer Speed =10.
INFO:root:2016-12-22 11:31:13.737742: Decimal Speed =6.
INFO:root:2016-12-22 11:31:13.838152: Actual Speed =10.006.
INFO:root:2016-12-22 11:31:13.839031: Integer Speed =10.
INFO:root:2016-12-22 11:31:13.839290: Decimal Speed =6.
INFO:root:2016-12-22 11:31:13.939706: Actual Speed =10.006.
INFO:root:2016-12-22 11:31:13.940655: Integer Speed =9.
INFO:root:2016-12-22 11:31:13.941115: Decimal Speed =989.
INFO:root:2016-12-22 11:31:14.041772: Actual Speed =9.989.
INFO:root:2016-12-22 11:31:14.042752: Integer Speed =9.
INFO:root:2016-12-22 11:31:14.043146: Decimal Speed =989.
INFO:root:2016-12-22 11:31:14.143606: Actual Speed =9.989.
INFO:root:2016-12-22 11:31:14.144504: Integer Speed =10.
INFO:root:2016-12-22 11:31:14.144760: Decimal Speed =6.
INFO:root:2016-12-22 11:31:14.245173: Actual Speed =10.006.
INFO:root:2016-12-22 11:31:14.246069: Integer Speed =10.
INFO:root:2016-12-22 11:31:14.246335: Decimal Speed =6.
INFO:root:2016-12-22 11:31:14.346751: Actual Speed =10.006.
INFO:root:2016-12-22 11:31:14.347631: Integer Speed =10.
INFO:root:2016-12-22 11:31:14.347891: Decimal Speed =6.
INFO:root:2016-12-22 11:31:14.448303: Actual Speed =10.006.
INFO:root:2016-12-22 11:31:14.449187: Integer Speed =10.
INFO:root:2016-12-22 11:31:14.449444: Decimal Speed =6.
INFO:root:2016-12-22 11:31:14.549857: Actual Speed =10.006.
INFO:root:2016-12-22 11:31:14.550735: Integer Speed =10.
INFO:root:2016-12-22 11:31:14.551046: Decimal Speed =6.
INFO:root:2016-12-22 11:31:14.651466: Actual Speed =10.006.
INFO:root:2016-12-22 11:31:14.652348: Integer Speed =9.
INFO:root:2016-12-22 11:31:14.652608: Decimal Speed =989.
INFO:root:2016-12-22 11:31:14.753017: Actual Speed =9.989.
INFO:root:2016-12-22 11:31:14.753903: Integer Speed =10.
INFO:root:2016-12-22 11:31:14.754166: Decimal Speed =6.
INFO:root:2016-12-22 11:31:14.854588: Actual Speed =10.006.
INFO:root:2016-12-22 11:31:14.855472: Integer Speed =10.
INFO:root:2016-12-22 11:31:14.855736: Decimal Speed =6.
INFO:root:2016-12-22 11:31:14.956151: Actual Speed =10.006.
INFO:root:2016-12-22 11:31:14.957031: Integer Speed =10.
INFO:root:2016-12-22 11:31:14.957290: Decimal Speed =6.
INFO:root:2016-12-22 11:31:15.057708: Actual Speed =10.006.
INFO:root:2016-12-22 11:31:15.058595: Integer Speed =9.
INFO:root:2016-12-22 11:31:15.058855: Decimal Speed =989.
INFO:root:2016-12-22 11:31:15.159269: Actual Speed =9.989.
INFO:root:2016-12-22 11:31:15.160170: Integer Speed =10.
INFO:root:2016-12-22 11:31:15.160424: Decimal Speed =6.
INFO:root:2016-12-22 11:31:15.260888: Actual Speed =10.006.
INFO:root:2016-12-22 11:31:15.262152: Integer Speed =9.
INFO:root:2016-12-22 11:31:15.262756: Decimal Speed =989.
INFO:root:2016-12-22 11:31:15.363446: Actual Speed =9.989.
INFO:root:2016-12-22 11:31:15.364335: Integer Speed =9.
INFO:root:2016-12-22 11:31:15.364600: Decimal Speed =989.
INFO:root:2016-12-22 11:31:15.465051: Actual Speed =9.989.
INFO:root:2016-12-22 11:31:15.465936: Integer Speed =10.
INFO:root:2016-12-22 11:31:15.466198: Decimal Speed =6.
INFO:root:2016-12-22 11:31:15.566691: Actual Speed =10.006.
INFO:root:2016-12-22 11:31:15.567667: Integer Speed =10.
INFO:root:2016-12-22 11:31:15.568054: Decimal Speed =6.
INFO:root:2016-12-22 11:31:15.668510: Actual Speed =10.006.
INFO:root:2016-12-22 11:31:15.669398: Integer Speed =10.
INFO:root:2016-12-22 11:31:15.669660: Decimal Speed =6.
INFO:root:2016-12-22 11:31:15.770074: Actual Speed =10.006.
INFO:root:2016-12-22 11:31:15.776670: Integer Speed =9.
INFO:root:2016-12-22 11:31:15.777022: Decimal Speed =989.
INFO:root:2016-12-22 11:31:15.877478: Actual Speed =9.989.
INFO:root:2016-12-22 11:31:15.878404: Integer Speed =9.
INFO:root:2016-12-22 11:31:15.878696: Decimal Speed =989.
INFO:root:2016-12-22 11:31:15.979128: Actual Speed =9.989.
INFO:root:2016-12-22 11:31:15.980141: Integer Speed =10.
INFO:root:2016-12-22 11:31:15.980499: Decimal Speed =6.
INFO:root:2016-12-22 11:31:16.080980: Actual Speed =10.006.
INFO:root:2016-12-22 11:31:16.081888: Integer Speed =10.
INFO:root:2016-12-22 11:31:16.082172: Decimal Speed =6.
INFO:root:2016-12-22 11:31:16.182606: Actual Speed =10.006.
INFO:root:2016-12-22 11:31:16.183524: Integer Speed =10.
INFO:root:2016-12-22 11:31:16.183817: Decimal Speed =6.
INFO:root:2016-12-22 11:31:16.284249: Actual Speed =10.006.
INFO:root:2016-12-22 11:31:16.285163: Integer Speed =9.
INFO:root:2016-12-22 11:31:16.285467: Decimal Speed =989.
INFO:root:2016-12-22 11:31:16.385918: Actual Speed =9.989.
INFO:root:2016-12-22 11:31:16.386831: Integer Speed =9.
INFO:root:2016-12-22 11:31:16.387123: Decimal Speed =989.
INFO:root:2016-12-22 11:31:16.487555: Actual Speed =9.989.
INFO:root:2016-12-22 11:31:16.488473: Integer Speed =10.
INFO:root:2016-12-22 11:31:16.488761: Decimal Speed =6.
INFO:root:2016-12-22 11:31:16.589192: Actual Speed =10.006.
INFO:root:2016-12-22 11:31:16.590124: Integer Speed =9.
INFO:root:2016-12-22 11:31:16.590417: Decimal Speed =989.
INFO:root:2016-12-22 11:31:16.690849: Actual Speed =9.989.
INFO:root:2016-12-22 11:31:16.691796: Integer Speed =10.
INFO:root:2016-12-22 11:31:16.692091: Decimal Speed =6.
INFO:root:2016-12-22 11:31:16.792526: Actual Speed =10.006.
INFO:root:2016-12-22 11:31:16.793439: Integer Speed =10.
INFO:root:2016-12-22 11:31:16.793730: Decimal Speed =6.
INFO:root:2016-12-22 11:31:16.894165: Actual Speed =10.006.
INFO:root:2016-12-22 11:31:16.895081: Integer Speed =10.
INFO:root:2016-12-22 11:31:16.895370: Decimal Speed =6.
INFO:root:2016-12-22 11:31:16.995809: Actual Speed =10.006.
INFO:root:2016-12-22 11:31:16.996726: Integer Speed =9.
INFO:root:2016-12-22 11:31:16.997015: Decimal Speed =989.
INFO:root:2016-12-22 11:31:17.097448: Actual Speed =9.989.
INFO:root:2016-12-22 11:31:17.098369: Integer Speed =9.
INFO:root:2016-12-22 11:31:17.098661: Decimal Speed =989.
INFO:root:2016-12-22 11:31:17.199094: Actual Speed =9.989.
INFO:root:2016-12-22 11:31:17.200084: Integer Speed =10.
INFO:root:2016-12-22 11:31:17.200390: Decimal Speed =6.
INFO:root:2016-12-22 11:31:17.300822: Actual Speed =10.006.
INFO:root:2016-12-22 11:31:17.301778: Integer Speed =10.
INFO:root:2016-12-22 11:31:17.302078: Decimal Speed =6.
INFO:root:2016-12-22 11:31:17.402517: Actual Speed =10.006.
INFO:root:2016-12-22 11:31:17.403432: Integer Speed =10.
INFO:root:2016-12-22 11:31:17.403726: Decimal Speed =6.
INFO:root:2016-12-22 11:31:17.504157: Actual Speed =10.006.
INFO:root:2016-12-22 11:31:17.505071: Integer Speed =10.
INFO:root:2016-12-22 11:31:17.505359: Decimal Speed =6.
INFO:root:2016-12-22 11:31:17.605798: Actual Speed =10.006.
INFO:root:2016-12-22 11:31:17.606711: Integer Speed =10.
INFO:root:2016-12-22 11:31:17.606992: Decimal Speed =6.
INFO:root:2016-12-22 11:31:17.707425: Actual Speed =10.006.
INFO:root:2016-12-22 11:31:17.708341: Integer Speed =9.
INFO:root:2016-12-22 11:31:17.708626: Decimal Speed =989.
INFO:root:2016-12-22 11:31:17.809060: Actual Speed =9.989.
INFO:root:2016-12-22 11:31:17.809974: Integer Speed =9.
INFO:root:2016-12-22 11:31:17.810260: Decimal Speed =989.
INFO:root:2016-12-22 11:31:17.910691: Actual Speed =9.989.
INFO:root:2016-12-22 11:31:17.911662: Integer Speed =10.
INFO:root:2016-12-22 11:31:17.911954: Decimal Speed =6.
INFO:root:2016-12-22 11:31:18.012451: Actual Speed =10.006.
INFO:root:2016-12-22 11:31:18.013372: Integer Speed =10.
INFO:root:2016-12-22 11:31:18.013681: Decimal Speed =6.
INFO:root:2016-12-22 11:31:18.114131: Actual Speed =10.006.
INFO:root:2016-12-22 11:31:18.115135: Integer Speed =10.
INFO:root:2016-12-22 11:31:18.115446: Decimal Speed =6.
INFO:root:2016-12-22 11:31:18.215875: Actual Speed =10.006.
INFO:root:2016-12-22 11:31:18.216788: Integer Speed =10.
INFO:root:2016-12-22 11:31:18.217201: Decimal Speed =6.
INFO:root:2016-12-22 11:31:18.317638: Actual Speed =10.006.
INFO:root:2016-12-22 11:31:18.318568: Integer Speed =10.
INFO:root:2016-12-22 11:31:18.318859: Decimal Speed =6.
INFO:root:2016-12-22 11:31:18.419401: Actual Speed =10.006.
INFO:root:2016-12-22 11:31:18.420359: Integer Speed =9.
INFO:root:2016-12-22 11:31:18.420658: Decimal Speed =989.
INFO:root:2016-12-22 11:31:18.521093: Actual Speed =9.989.
INFO:root:2016-12-22 11:31:18.522005: Integer Speed =10.
INFO:root:2016-12-22 11:31:18.522296: Decimal Speed =23.
INFO:root:2016-12-22 11:31:18.622730: Actual Speed =10.023.
INFO:root:2016-12-22 11:31:18.623641: Integer Speed =10.
INFO:root:2016-12-22 11:31:18.623928: Decimal Speed =6.
INFO:root:2016-12-22 11:31:18.724366: Actual Speed =10.006.
INFO:root:2016-12-22 11:31:18.725283: Integer Speed =10.
INFO:root:2016-12-22 11:31:18.725569: Decimal Speed =6.
INFO:root:2016-12-22 11:31:18.826026: Actual Speed =10.006.
INFO:root:2016-12-22 11:31:18.826942: Integer Speed =9.
INFO:root:2016-12-22 11:31:18.827232: Decimal Speed =989.
INFO:root:2016-12-22 11:31:18.927667: Actual Speed =9.989.
INFO:root:2016-12-22 11:31:18.928679: Integer Speed =9.
INFO:root:2016-12-22 11:31:18.929003: Decimal Speed =989.
INFO:root:2016-12-22 11:31:19.029456: Actual Speed =9.989.
INFO:root:2016-12-22 11:31:19.030416: Integer Speed =9.
INFO:root:2016-12-22 11:31:19.030717: Decimal Speed =989.
INFO:root:2016-12-22 11:31:19.131198: Actual Speed =9.989.
INFO:root:2016-12-22 11:31:19.132108: Integer Speed =9.
INFO:root:2016-12-22 11:31:19.132396: Decimal Speed =989.
INFO:root:2016-12-22 11:31:19.232829: Actual Speed =9.989.
INFO:root:2016-12-22 11:31:19.233742: Integer Speed =10.
INFO:root:2016-12-22 11:31:19.234032: Decimal Speed =6.
INFO:root:2016-12-22 11:31:19.334467: Actual Speed =10.006.
INFO:root:2016-12-22 11:31:19.335382: Integer Speed =10.
INFO:root:2016-12-22 11:31:19.335673: Decimal Speed =6.
INFO:root:2016-12-22 11:31:19.436111: Actual Speed =10.006.
INFO:root:2016-12-22 11:31:19.437023: Integer Speed =10.
INFO:root:2016-12-22 11:31:19.437311: Decimal Speed =6.
INFO:root:2016-12-22 11:31:19.537743: Actual Speed =10.006.
INFO:root:2016-12-22 11:31:19.538656: Integer Speed =9.
INFO:root:2016-12-22 11:31:19.538946: Decimal Speed =989.
INFO:root:2016-12-22 11:31:19.639381: Actual Speed =9.989.
INFO:root:2016-12-22 11:31:19.640296: Integer Speed =9.
INFO:root:2016-12-22 11:31:19.640589: Decimal Speed =989.
INFO:root:2016-12-22 11:31:19.741045: Actual Speed =9.989.
INFO:root:2016-12-22 11:31:19.741978: Integer Speed =10.
INFO:root:2016-12-22 11:31:19.742283: Decimal Speed =6.
INFO:root:2016-12-22 11:31:19.842721: Actual Speed =10.006.
INFO:root:2016-12-22 11:31:19.843641: Integer Speed =9.
INFO:root:2016-12-22 11:31:19.843929: Decimal Speed =989.
INFO:root:2016-12-22 11:31:19.944357: Actual Speed =9.989.
INFO:root:2016-12-22 11:31:19.945270: Integer Speed =10.
INFO:root:2016-12-22 11:31:19.945558: Decimal Speed =6.
INFO:root:2016-12-22 11:31:20.046122: Actual Speed =10.006.
INFO:root:2016-12-22 11:31:20.047117: Integer Speed =10.
INFO:root:2016-12-22 11:31:20.047529: Decimal Speed =6.
INFO:root:2016-12-22 11:31:20.148003: Actual Speed =10.006.
INFO:root:2016-12-22 11:31:20.148920: Integer Speed =10.
INFO:root:2016-12-22 11:31:20.149201: Decimal Speed =6.
INFO:root:2016-12-22 11:31:20.249685: Actual Speed =10.006.
INFO:root:2016-12-22 11:31:20.250896: Integer Speed =9.
INFO:root:2016-12-22 11:31:20.251472: Decimal Speed =989.
INFO:root:2016-12-22 11:31:20.352102: Actual Speed =9.989.
INFO:root:2016-12-22 11:31:20.353011: Integer Speed =9.
INFO:root:2016-12-22 11:31:20.353290: Decimal Speed =989.
INFO:root:2016-12-22 11:31:20.453725: Actual Speed =9.989.
INFO:root:2016-12-22 11:31:20.454666: Integer Speed =10.
INFO:root:2016-12-22 11:31:20.454955: Decimal Speed =6.
INFO:root:2016-12-22 11:31:20.555389: Actual Speed =10.006.
INFO:root:2016-12-22 11:31:20.556303: Integer Speed =10.
INFO:root:2016-12-22 11:31:20.556598: Decimal Speed =6.
INFO:root:2016-12-22 11:31:20.657034: Actual Speed =10.006.
INFO:root:2016-12-22 11:31:20.657950: Integer Speed =10.
INFO:root:2016-12-22 11:31:20.658242: Decimal Speed =6.
INFO:root:2016-12-22 11:31:20.758669: Actual Speed =10.006.
INFO:root:2016-12-22 11:31:20.759573: Integer Speed =10.
INFO:root:2016-12-22 11:31:20.759974: Decimal Speed =6.
INFO:root:2016-12-22 11:31:20.860463: Actual Speed =10.006.
INFO:root:2016-12-22 11:31:20.861441: Integer Speed =10.
INFO:root:2016-12-22 11:31:20.861744: Decimal Speed =6.
INFO:root:2016-12-22 11:31:20.962187: Actual Speed =10.006.
INFO:root:2016-12-22 11:31:20.963102: Integer Speed =9.
INFO:root:2016-12-22 11:31:20.963386: Decimal Speed =989.
INFO:root:2016-12-22 11:31:21.063822: Actual Speed =9.989.
INFO:root:2016-12-22 11:31:21.064737: Integer Speed =9.
INFO:root:2016-12-22 11:31:21.065018: Decimal Speed =989.
INFO:root:2016-12-22 11:31:21.165453: Actual Speed =9.989.
INFO:root:2016-12-22 11:31:21.166363: Integer Speed =10.
INFO:root:2016-12-22 11:31:21.166654: Decimal Speed =6.
INFO:root:2016-12-22 11:31:21.267087: Actual Speed =10.006.
INFO:root:2016-12-22 11:31:21.267998: Integer Speed =10.
INFO:root:2016-12-22 11:31:21.268281: Decimal Speed =6.
INFO:root:2016-12-22 11:31:21.368714: Actual Speed =10.006.
INFO:root:2016-12-22 11:31:21.369627: Integer Speed =10.
INFO:root:2016-12-22 11:31:21.369915: Decimal Speed =6.
INFO:root:2016-12-22 11:31:21.470352: Actual Speed =10.006.
INFO:root:2016-12-22 11:31:21.471261: Integer Speed =10.
INFO:root:2016-12-22 11:31:21.471574: Decimal Speed =6.
INFO:root:2016-12-22 11:31:21.572072: Actual Speed =10.006.
INFO:root:2016-12-22 11:31:21.573075: Integer Speed =10.
INFO:root:2016-12-22 11:31:21.573489: Decimal Speed =6.
INFO:root:2016-12-22 11:31:21.673959: Actual Speed =10.006.
INFO:root:2016-12-22 11:31:21.674873: Integer Speed =9.
INFO:root:2016-12-22 11:31:21.675162: Decimal Speed =989.
INFO:root:2016-12-22 11:31:21.775593: Actual Speed =9.989.
INFO:root:2016-12-22 11:31:21.776512: Integer Speed =10.
INFO:root:2016-12-22 11:31:21.776801: Decimal Speed =6.
INFO:root:2016-12-22 11:31:21.877235: Actual Speed =10.006.
INFO:root:2016-12-22 11:31:21.878165: Integer Speed =10.
INFO:root:2016-12-22 11:31:21.878475: Decimal Speed =6.
INFO:root:2016-12-22 11:31:21.978911: Actual Speed =10.006.
INFO:root:2016-12-22 11:31:21.979829: Integer Speed =10.
INFO:root:2016-12-22 11:31:21.980243: Decimal Speed =6.
INFO:root:2016-12-22 11:31:22.080684: Actual Speed =10.006.
INFO:root:2016-12-22 11:31:22.081634: Integer Speed =10.
INFO:root:2016-12-22 11:31:22.081932: Decimal Speed =6.
INFO:root:2016-12-22 11:31:22.182377: Actual Speed =10.006.
INFO:root:2016-12-22 11:31:22.183293: Integer Speed =9.
INFO:root:2016-12-22 11:31:22.183587: Decimal Speed =989.
INFO:root:2016-12-22 11:31:22.284020: Actual Speed =9.989.
INFO:root:2016-12-22 11:31:22.284933: Integer Speed =9.
INFO:root:2016-12-22 11:31:22.285249: Decimal Speed =989.
INFO:root:2016-12-22 11:31:22.385685: Actual Speed =9.989.
INFO:root:2016-12-22 11:31:22.386593: Integer Speed =9.
INFO:root:2016-12-22 11:31:22.386875: Decimal Speed =989.
INFO:root:2016-12-22 11:31:22.487305: Actual Speed =9.989.
INFO:root:2016-12-22 11:31:22.488220: Integer Speed =10.
INFO:root:2016-12-22 11:31:22.488506: Decimal Speed =6.
INFO:root:2016-12-22 11:31:22.588938: Actual Speed =10.006.
INFO:root:2016-12-22 11:31:22.589856: Integer Speed =10.
INFO:root:2016-12-22 11:31:22.590140: Decimal Speed =6.
INFO:root:2016-12-22 11:31:22.690609: Actual Speed =10.006.
INFO:root:2016-12-22 11:31:22.691572: Integer Speed =10.
INFO:root:2016-12-22 11:31:22.691905: Decimal Speed =6.
INFO:root:2016-12-22 11:31:22.792346: Actual Speed =10.006.
INFO:root:2016-12-22 11:31:22.793259: Integer Speed =9.
INFO:root:2016-12-22 11:31:22.793543: Decimal Speed =989.
INFO:root:2016-12-22 11:31:22.893978: Actual Speed =9.989.
INFO:root:2016-12-22 11:31:22.894919: Integer Speed =9.
INFO:root:2016-12-22 11:31:22.895211: Decimal Speed =989.
INFO:root:2016-12-22 11:31:22.995644: Actual Speed =9.989.
INFO:root:2016-12-22 11:31:22.996549: Integer Speed =10.
INFO:root:2016-12-22 11:31:22.996833: Decimal Speed =6.
INFO:root:2016-12-22 11:31:23.097334: Actual Speed =10.006.
INFO:root:2016-12-22 11:31:23.098336: Integer Speed =9.
INFO:root:2016-12-22 11:31:23.098749: Decimal Speed =989.
INFO:root:2016-12-22 11:31:23.199217: Actual Speed =9.989.
INFO:root:2016-12-22 11:31:23.200122: Integer Speed =10.
INFO:root:2016-12-22 11:31:23.200451: Decimal Speed =6.
INFO:root:2016-12-22 11:31:23.300889: Actual Speed =10.006.
INFO:root:2016-12-22 11:31:23.301843: Integer Speed =10.
INFO:root:2016-12-22 11:31:23.302132: Decimal Speed =6.
INFO:root:2016-12-22 11:31:23.402682: Actual Speed =10.006.
INFO:root:2016-12-22 11:31:23.403597: Integer Speed =10.
INFO:root:2016-12-22 11:31:23.403885: Decimal Speed =6.
INFO:root:2016-12-22 11:31:23.504317: Actual Speed =10.006.
INFO:root:2016-12-22 11:31:23.505233: Integer Speed =9.
INFO:root:2016-12-22 11:31:23.505520: Decimal Speed =989.
INFO:root:2016-12-22 11:31:23.605956: Actual Speed =9.989.
INFO:root:2016-12-22 11:31:23.606901: Integer Speed =9.
INFO:root:2016-12-22 11:31:23.607190: Decimal Speed =989.
INFO:root:2016-12-22 11:31:23.707624: Actual Speed =9.989.
INFO:root:2016-12-22 11:31:23.708628: Integer Speed =10.
INFO:root:2016-12-22 11:31:23.708935: Decimal Speed =6.
INFO:root:2016-12-22 11:31:23.809372: Actual Speed =10.006.
INFO:root:2016-12-22 11:31:23.810287: Integer Speed =10.
INFO:root:2016-12-22 11:31:23.810579: Decimal Speed =6.
INFO:root:2016-12-22 11:31:23.911038: Actual Speed =10.006.
INFO:root:2016-12-22 11:31:23.911959: Integer Speed =10.
INFO:root:2016-12-22 11:31:23.912379: Decimal Speed =6.
INFO:root:2016-12-22 11:31:24.012874: Actual Speed =10.006.
INFO:root:2016-12-22 11:31:24.013790: Integer Speed =10.
INFO:root:2016-12-22 11:31:24.014084: Decimal Speed =6.
INFO:root:2016-12-22 11:31:24.114517: Actual Speed =10.006.
INFO:root:2016-12-22 11:31:24.115433: Integer Speed =10.
INFO:root:2016-12-22 11:31:24.115720: Decimal Speed =6.
INFO:root:2016-12-22 11:31:24.216150: Actual Speed =10.006.
INFO:root:2016-12-22 11:31:24.217070: Integer Speed =9.
INFO:root:2016-12-22 11:31:24.217356: Decimal Speed =989.
INFO:root:2016-12-22 11:31:24.317791: Actual Speed =9.989.
INFO:root:2016-12-22 11:31:24.318788: Integer Speed =9.
INFO:root:2016-12-22 11:31:24.319099: Decimal Speed =989.
INFO:root:2016-12-22 11:31:24.419535: Actual Speed =9.989.
INFO:root:2016-12-22 11:31:24.420526: Integer Speed =10.
INFO:root:2016-12-22 11:31:24.420821: Decimal Speed =6.
INFO:root:2016-12-22 11:31:24.521304: Actual Speed =10.006.
INFO:root:2016-12-22 11:31:24.522217: Integer Speed =10.
INFO:root:2016-12-22 11:31:24.522499: Decimal Speed =6.
INFO:root:2016-12-22 11:31:24.622932: Actual Speed =10.006.
INFO:root:2016-12-22 11:31:24.623842: Integer Speed =10.
INFO:root:2016-12-22 11:31:24.624134: Decimal Speed =6.
INFO:root:2016-12-22 11:31:24.724567: Actual Speed =10.006.
INFO:root:2016-12-22 11:31:24.725483: Integer Speed =9.
INFO:root:2016-12-22 11:31:24.725775: Decimal Speed =989.
INFO:root:2016-12-22 11:31:24.826206: Actual Speed =9.989.
INFO:root:2016-12-22 11:31:24.827117: Integer Speed =10.
INFO:root:2016-12-22 11:31:24.827407: Decimal Speed =6.
INFO:root:2016-12-22 11:31:24.927840: Actual Speed =10.006.
INFO:root:2016-12-22 11:31:24.928755: Integer Speed =9.
INFO:root:2016-12-22 11:31:24.929048: Decimal Speed =989.
INFO:root:2016-12-22 11:31:25.029481: Actual Speed =9.989.
INFO:root:2016-12-22 11:31:25.030398: Integer Speed =9.
INFO:root:2016-12-22 11:31:25.030720: Decimal Speed =989.
INFO:root:2016-12-22 11:31:25.131202: Actual Speed =9.989.
INFO:root:2016-12-22 11:31:25.132118: Integer Speed =10.
INFO:root:2016-12-22 11:31:25.132402: Decimal Speed =6.
INFO:root:2016-12-22 11:31:25.232898: Actual Speed =10.006.
INFO:root:2016-12-22 11:31:25.234108: Integer Speed =10.
INFO:root:2016-12-22 11:31:25.234590: Decimal Speed =6.
INFO:root:2016-12-22 11:31:25.335214: Actual Speed =10.006.
INFO:root:2016-12-22 11:31:25.336133: Integer Speed =10.
INFO:root:2016-12-22 11:31:25.336409: Decimal Speed =6.
INFO:root:2016-12-22 11:31:25.436847: Actual Speed =10.006.
INFO:root:2016-12-22 11:31:25.437797: Integer Speed =9.
INFO:root:2016-12-22 11:31:25.438209: Decimal Speed =989.
INFO:root:2016-12-22 11:31:25.538712: Actual Speed =9.989.
INFO:root:2016-12-22 11:31:25.539624: Integer Speed =10.
INFO:root:2016-12-22 11:31:25.539918: Decimal Speed =6.
INFO:root:2016-12-22 11:31:25.640347: Actual Speed =10.006.
INFO:root:2016-12-22 11:31:25.641360: Integer Speed =9.
INFO:root:2016-12-22 11:31:25.641680: Decimal Speed =989.
INFO:root:2016-12-22 11:31:25.742108: Actual Speed =9.989.
INFO:root:2016-12-22 11:31:25.742993: Integer Speed =10.
INFO:root:2016-12-22 11:31:25.743282: Decimal Speed =6.
INFO:root:2016-12-22 11:31:25.843719: Actual Speed =10.006.
INFO:root:2016-12-22 11:31:25.844700: Integer Speed =10.
INFO:root:2016-12-22 11:31:25.850191: Decimal Speed =6.
INFO:root:2016-12-22 11:31:25.950751: Actual Speed =10.006.
INFO:root:2016-12-22 11:31:25.951732: Integer Speed =10.
INFO:root:2016-12-22 11:31:25.952029: Decimal Speed =6.
INFO:root:2016-12-22 11:31:26.052533: Actual Speed =10.006.
INFO:root:2016-12-22 11:31:26.053538: Integer Speed =10.
INFO:root:2016-12-22 11:31:26.053955: Decimal Speed =6.
INFO:root:2016-12-22 11:31:26.154451: Actual Speed =10.006.
INFO:root:2016-12-22 11:31:26.155379: Integer Speed =9.
INFO:root:2016-12-22 11:31:26.155638: Decimal Speed =989.
INFO:root:2016-12-22 11:31:26.256061: Actual Speed =9.989.
INFO:root:2016-12-22 11:31:26.256976: Integer Speed =10.
INFO:root:2016-12-22 11:31:26.257237: Decimal Speed =6.
INFO:root:2016-12-22 11:31:26.357659: Actual Speed =10.006.
INFO:root:2016-12-22 11:31:26.358547: Integer Speed =10.
INFO:root:2016-12-22 11:31:26.358829: Decimal Speed =6.
INFO:root:2016-12-22 11:31:26.459268: Actual Speed =10.006.
INFO:root:2016-12-22 11:31:26.460169: Integer Speed =10.
INFO:root:2016-12-22 11:31:26.460426: Decimal Speed =6.
INFO:root:2016-12-22 11:31:26.560842: Actual Speed =10.006.
INFO:root:2016-12-22 11:31:26.561792: Integer Speed =9.
INFO:root:2016-12-22 11:31:26.562063: Decimal Speed =989.
INFO:root:2016-12-22 11:31:26.662491: Actual Speed =9.989.
INFO:root:2016-12-22 11:31:26.663454: Integer Speed =9.
INFO:root:2016-12-22 11:31:26.663754: Decimal Speed =989.
INFO:root:2016-12-22 11:31:26.764176: Actual Speed =9.989.
INFO:root:2016-12-22 11:31:26.765088: Integer Speed =10.
INFO:root:2016-12-22 11:31:26.765355: Decimal Speed =6.
INFO:root:2016-12-22 11:31:26.865769: Actual Speed =10.006.
INFO:root:2016-12-22 11:31:26.866690: Integer Speed =10.
INFO:root:2016-12-22 11:31:26.866956: Decimal Speed =6.
INFO:root:2016-12-22 11:31:26.967374: Actual Speed =10.006.
INFO:root:2016-12-22 11:31:26.968287: Integer Speed =10.
INFO:root:2016-12-22 11:31:26.968548: Decimal Speed =6.
INFO:root:2016-12-22 11:31:27.068972: Actual Speed =10.006.
INFO:root:2016-12-22 11:31:27.069936: Integer Speed =10.
INFO:root:2016-12-22 11:31:27.070216: Decimal Speed =6.
INFO:root:2016-12-22 11:31:27.170633: Actual Speed =10.006.
INFO:root:2016-12-22 11:31:27.171593: Integer Speed =10.
INFO:root:2016-12-22 11:31:27.171885: Decimal Speed =6.
INFO:root:2016-12-22 11:31:27.272304: Actual Speed =10.006.
INFO:root:2016-12-22 11:31:27.273221: Integer Speed =9.
INFO:root:2016-12-22 11:31:27.273487: Decimal Speed =989.
INFO:root:2016-12-22 11:31:27.373927: Actual Speed =9.989.
INFO:root:2016-12-22 11:31:27.374920: Integer Speed =9.
INFO:root:2016-12-22 11:31:27.375399: Decimal Speed =989.
INFO:root:2016-12-22 11:31:27.476075: Actual Speed =9.989.
INFO:root:2016-12-22 11:31:27.477096: Integer Speed =10.
INFO:root:2016-12-22 11:31:27.477500: Decimal Speed =6.
INFO:root:2016-12-22 11:31:27.577965: Actual Speed =10.006.
INFO:root:2016-12-22 11:31:27.578878: Integer Speed =10.
INFO:root:2016-12-22 11:31:27.579142: Decimal Speed =6.
INFO:root:2016-12-22 11:31:27.679567: Actual Speed =10.006.
INFO:root:2016-12-22 11:31:27.680473: Integer Speed =10.
INFO:root:2016-12-22 11:31:27.680738: Decimal Speed =6.
INFO:root:2016-12-22 11:31:27.781216: Actual Speed =10.006.
INFO:root:2016-12-22 11:31:27.782113: Integer Speed =10.
INFO:root:2016-12-22 11:31:27.782374: Decimal Speed =6.
INFO:root:2016-12-22 11:31:27.882794: Actual Speed =10.006.
INFO:root:2016-12-22 11:31:27.883699: Integer Speed =10.
INFO:root:2016-12-22 11:31:27.883964: Decimal Speed =6.
INFO:root:2016-12-22 11:31:27.984379: Actual Speed =10.006.
INFO:root:2016-12-22 11:31:27.985284: Integer Speed =9.
INFO:root:2016-12-22 11:31:27.985553: Decimal Speed =989.
INFO:root:2016-12-22 11:31:28.086011: Actual Speed =9.989.
INFO:root:2016-12-22 11:31:28.086911: Integer Speed =9.
INFO:root:2016-12-22 11:31:28.087216: Decimal Speed =989.
INFO:root:2016-12-22 11:31:28.187634: Actual Speed =9.989.
INFO:root:2016-12-22 11:31:28.188534: Integer Speed =10.
INFO:root:2016-12-22 11:31:28.188800: Decimal Speed =6.
INFO:root:2016-12-22 11:31:28.289218: Actual Speed =10.006.
INFO:root:2016-12-22 11:31:28.290120: Integer Speed =10.
INFO:root:2016-12-22 11:31:28.290379: Decimal Speed =6.
INFO:root:2016-12-22 11:31:28.390796: Actual Speed =10.006.
INFO:root:2016-12-22 11:31:28.391775: Integer Speed =10.
INFO:root:2016-12-22 11:31:28.392083: Decimal Speed =6.
INFO:root:2016-12-22 11:31:28.492507: Actual Speed =10.006.
INFO:root:2016-12-22 11:31:28.493402: Integer Speed =9.
INFO:root:2016-12-22 11:31:28.493671: Decimal Speed =989.
INFO:root:2016-12-22 11:31:28.594088: Actual Speed =9.989.
INFO:root:2016-12-22 11:31:28.594991: Integer Speed =10.
INFO:root:2016-12-22 11:31:28.595256: Decimal Speed =6.
INFO:root:2016-12-22 11:31:28.695671: Actual Speed =10.006.
INFO:root:2016-12-22 11:31:28.696628: Integer Speed =9.
INFO:root:2016-12-22 11:31:28.696896: Decimal Speed =989.
INFO:root:2016-12-22 11:31:28.797311: Actual Speed =9.989.
INFO:root:2016-12-22 11:31:28.798209: Integer Speed =9.
INFO:root:2016-12-22 11:31:28.798473: Decimal Speed =989.
INFO:root:2016-12-22 11:31:28.898889: Actual Speed =9.989.
INFO:root:2016-12-22 11:31:28.899789: Integer Speed =10.
INFO:root:2016-12-22 11:31:28.900050: Decimal Speed =6.
INFO:root:2016-12-22 11:31:29.000522: Actual Speed =10.006.
INFO:root:2016-12-22 11:31:29.001567: Integer Speed =10.
INFO:root:2016-12-22 11:31:29.001987: Decimal Speed =23.
INFO:root:2016-12-22 11:31:29.102668: Actual Speed =10.023.
INFO:root:2016-12-22 11:31:29.103711: Integer Speed =10.
INFO:root:2016-12-22 11:31:29.104104: Decimal Speed =6.
INFO:root:2016-12-22 11:31:29.204566: Actual Speed =10.006.
INFO:root:2016-12-22 11:31:29.205484: Integer Speed =9.
INFO:root:2016-12-22 11:31:29.205749: Decimal Speed =989.
INFO:root:2016-12-22 11:31:29.306170: Actual Speed =9.989.
INFO:root:2016-12-22 11:31:29.307079: Integer Speed =10.
INFO:root:2016-12-22 11:31:29.307341: Decimal Speed =6.
INFO:root:2016-12-22 11:31:29.407765: Actual Speed =10.006.
INFO:root:2016-12-22 11:31:29.408670: Integer Speed =9.
INFO:root:2016-12-22 11:31:29.408933: Decimal Speed =989.
INFO:root:2016-12-22 11:31:29.509360: Actual Speed =9.989.
INFO:root:2016-12-22 11:31:29.510271: Integer Speed =10.
INFO:root:2016-12-22 11:31:29.510537: Decimal Speed =6.
INFO:root:2016-12-22 11:31:29.611001: Actual Speed =10.006.
INFO:root:2016-12-22 11:31:29.611911: Integer Speed =10.
INFO:root:2016-12-22 11:31:29.612170: Decimal Speed =6.
INFO:root:2016-12-22 11:31:29.712594: Actual Speed =10.006.
INFO:root:2016-12-22 11:31:29.713513: Integer Speed =10.
INFO:root:2016-12-22 11:31:29.713778: Decimal Speed =6.
INFO:root:2016-12-22 11:31:29.814208: Actual Speed =10.006.
INFO:root:2016-12-22 11:31:29.815126: Integer Speed =9.
INFO:root:2016-12-22 11:31:29.815541: Decimal Speed =989.
INFO:root:2016-12-22 11:31:29.915973: Actual Speed =9.989.
INFO:root:2016-12-22 11:31:29.916881: Integer Speed =9.
INFO:root:2016-12-22 11:31:29.917141: Decimal Speed =989.
INFO:root:2016-12-22 11:31:30.017684: Actual Speed =9.989.
INFO:root:2016-12-22 11:31:30.018595: Integer Speed =10.
INFO:root:2016-12-22 11:31:30.018855: Decimal Speed =6.
INFO:root:2016-12-22 11:31:30.119284: Actual Speed =10.006.
INFO:root:2016-12-22 11:31:30.120208: Integer Speed =10.
INFO:root:2016-12-22 11:31:30.120474: Decimal Speed =6.
INFO:root:2016-12-22 11:31:30.220985: Actual Speed =10.006.
INFO:root:2016-12-22 11:31:30.222173: Integer Speed =10.
INFO:root:2016-12-22 11:31:30.222643: Decimal Speed =6.
INFO:root:2016-12-22 11:31:30.323254: Actual Speed =10.006.
INFO:root:2016-12-22 11:31:30.324133: Integer Speed =10.
INFO:root:2016-12-22 11:31:30.324393: Decimal Speed =6.
INFO:root:2016-12-22 11:31:30.424826: Actual Speed =10.006.
INFO:root:2016-12-22 11:31:30.425761: Integer Speed =10.
INFO:root:2016-12-22 11:31:30.426206: Decimal Speed =6.
INFO:root:2016-12-22 11:31:30.526722: Actual Speed =10.006.
INFO:root:2016-12-22 11:31:30.527658: Integer Speed =9.
INFO:root:2016-12-22 11:31:30.527927: Decimal Speed =989.
INFO:root:2016-12-22 11:31:30.628356: Actual Speed =9.989.
INFO:root:2016-12-22 11:31:30.629266: Integer Speed =9.
INFO:root:2016-12-22 11:31:30.629527: Decimal Speed =989.
INFO:root:2016-12-22 11:31:30.729953: Actual Speed =9.989.
INFO:root:2016-12-22 11:31:30.730864: Integer Speed =10.
INFO:root:2016-12-22 11:31:30.731207: Decimal Speed =6.
INFO:root:2016-12-22 11:31:30.831635: Actual Speed =10.006.
INFO:root:2016-12-22 11:31:30.832547: Integer Speed =10.
INFO:root:2016-12-22 11:31:30.832808: Decimal Speed =6.
INFO:root:2016-12-22 11:31:30.933234: Actual Speed =10.006.
INFO:root:2016-12-22 11:31:30.934152: Integer Speed =10.
INFO:root:2016-12-22 11:31:30.934422: Decimal Speed =6.
INFO:root:2016-12-22 11:31:31.034849: Actual Speed =10.006.
INFO:root:2016-12-22 11:31:31.035772: Integer Speed =10.
INFO:root:2016-12-22 11:31:31.036040: Decimal Speed =0.
INFO:root:2016-12-22 11:31:31.136458: Actual Speed =10.0.
INFO:root:2016-12-22 11:31:31.137356: Integer Speed =10.
INFO:root:2016-12-22 11:31:31.137623: Decimal Speed =6.
INFO:root:2016-12-22 11:31:31.238045: Actual Speed =10.006.
INFO:root:2016-12-22 11:31:31.238955: Integer Speed =9.
INFO:root:2016-12-22 11:31:31.239221: Decimal Speed =989.
INFO:root:2016-12-22 11:31:31.339666: Actual Speed =9.989.
INFO:root:2016-12-22 11:31:31.340573: Integer Speed =9.
INFO:root:2016-12-22 11:31:31.340839: Decimal Speed =989.
INFO:root:2016-12-22 11:31:31.441312: Actual Speed =9.989.
INFO:root:2016-12-22 11:31:31.442216: Integer Speed =10.
INFO:root:2016-12-22 11:31:31.442479: Decimal Speed =6.
INFO:root:2016-12-22 11:31:31.542898: Actual Speed =10.006.
INFO:root:2016-12-22 11:31:31.543810: Integer Speed =10.
INFO:root:2016-12-22 11:31:31.544081: Decimal Speed =6.
INFO:root:2016-12-22 11:31:31.644507: Actual Speed =10.006.
INFO:root:2016-12-22 11:31:31.645417: Integer Speed =10.
INFO:root:2016-12-22 11:31:31.645680: Decimal Speed =6.
INFO:root:2016-12-22 11:31:31.746095: Actual Speed =10.006.
INFO:root:2016-12-22 11:31:31.747061: Integer Speed =9.
INFO:root:2016-12-22 11:31:31.747333: Decimal Speed =989.
INFO:root:2016-12-22 11:31:31.847746: Actual Speed =9.989.
INFO:root:2016-12-22 11:31:31.848727: Integer Speed =10.
INFO:root:2016-12-22 11:31:31.849011: Decimal Speed =6.
INFO:root:2016-12-22 11:31:31.949429: Actual Speed =10.006.
INFO:root:2016-12-22 11:31:31.950323: Integer Speed =9.
INFO:root:2016-12-22 11:31:31.950587: Decimal Speed =989.
INFO:root:2016-12-22 11:31:32.051040: Actual Speed =9.989.
INFO:root:2016-12-22 11:31:32.051947: Integer Speed =9.
INFO:root:2016-12-22 11:31:32.052209: Decimal Speed =989.
INFO:root:2016-12-22 11:31:32.152746: Actual Speed =9.989.
INFO:root:2016-12-22 11:31:32.153660: Integer Speed =10.
INFO:root:2016-12-22 11:31:32.154051: Decimal Speed =6.
INFO:root:2016-12-22 11:31:32.254489: Actual Speed =10.006.
INFO:root:2016-12-22 11:31:32.255406: Integer Speed =10.
INFO:root:2016-12-22 11:31:32.255708: Decimal Speed =6.
INFO:root:2016-12-22 11:31:32.356236: Actual Speed =10.006.
INFO:root:2016-12-22 11:31:32.357145: Integer Speed =10.
INFO:root:2016-12-22 11:31:32.357409: Decimal Speed =6.
INFO:root:2016-12-22 11:31:32.457829: Actual Speed =10.006.
INFO:root:2016-12-22 11:31:32.458744: Integer Speed =9.
INFO:root:2016-12-22 11:31:32.459007: Decimal Speed =989.
INFO:root:2016-12-22 11:31:32.559432: Actual Speed =9.989.
INFO:root:2016-12-22 11:31:32.560368: Integer Speed =9.
INFO:root:2016-12-22 11:31:32.560631: Decimal Speed =989.
INFO:root:2016-12-22 11:31:32.661053: Actual Speed =9.989.
INFO:root:2016-12-22 11:31:32.661947: Integer Speed =9.
INFO:root:2016-12-22 11:31:32.662213: Decimal Speed =989.
INFO:root:2016-12-22 11:31:32.762640: Actual Speed =9.989.
INFO:root:2016-12-22 11:31:32.763542: Integer Speed =10.
INFO:root:2016-12-22 11:31:32.763813: Decimal Speed =6.
INFO:root:2016-12-22 11:31:32.864236: Actual Speed =10.006.
INFO:root:2016-12-22 11:31:32.865187: Integer Speed =10.
INFO:root:2016-12-22 11:31:32.865466: Decimal Speed =6.
INFO:root:2016-12-22 11:31:32.965897: Actual Speed =10.006.
INFO:root:2016-12-22 11:31:32.966810: Integer Speed =10.
INFO:root:2016-12-22 11:31:32.967070: Decimal Speed =6.
INFO:root:2016-12-22 11:31:33.067492: Actual Speed =10.006.
INFO:root:2016-12-22 11:31:33.068401: Integer Speed =9.
INFO:root:2016-12-22 11:31:33.068662: Decimal Speed =989.
INFO:root:2016-12-22 11:31:33.169082: Actual Speed =9.989.
INFO:root:2016-12-22 11:31:33.170018: Integer Speed =9.
INFO:root:2016-12-22 11:31:33.170294: Decimal Speed =989.
INFO:root:2016-12-22 11:31:33.270720: Actual Speed =9.989.
INFO:root:2016-12-22 11:31:33.271702: Integer Speed =10.
INFO:root:2016-12-22 11:31:33.272004: Decimal Speed =6.
INFO:root:2016-12-22 11:31:33.372433: Actual Speed =10.006.
INFO:root:2016-12-22 11:31:33.373337: Integer Speed =9.
INFO:root:2016-12-22 11:31:33.373606: Decimal Speed =221.
INFO:root:2016-12-22 11:31:33.474030: Actual Speed =9.221.
INFO:root:2016-12-22 11:31:33.474936: Integer Speed =10.
INFO:root:2016-12-22 11:31:33.475203: Decimal Speed =6.
INFO:root:2016-12-22 11:31:33.575741: Actual Speed =10.006.
INFO:root:2016-12-22 11:31:33.576732: Integer Speed =10.
INFO:root:2016-12-22 11:31:33.577120: Decimal Speed =6.
INFO:root:2016-12-22 11:31:33.677599: Actual Speed =10.006.
INFO:root:2016-12-22 11:31:33.678555: Integer Speed =10.
INFO:root:2016-12-22 11:31:33.678825: Decimal Speed =6.
INFO:root:2016-12-22 11:31:33.779255: Actual Speed =10.006.
INFO:root:2016-12-22 11:31:33.780181: Integer Speed =9.
INFO:root:2016-12-22 11:31:33.780449: Decimal Speed =989.
INFO:root:2016-12-22 11:31:33.880873: Actual Speed =9.989.
INFO:root:2016-12-22 11:31:33.881825: Integer Speed =9.
INFO:root:2016-12-22 11:31:33.882095: Decimal Speed =989.
INFO:root:2016-12-22 11:31:33.982516: Actual Speed =9.989.
INFO:root:2016-12-22 11:31:33.983430: Integer Speed =10.
INFO:root:2016-12-22 11:31:33.983700: Decimal Speed =6.
INFO:root:2016-12-22 11:31:34.084158: Actual Speed =10.006.
INFO:root:2016-12-22 11:31:34.085083: Integer Speed =10.
INFO:root:2016-12-22 11:31:34.085357: Decimal Speed =6.
INFO:root:2016-12-22 11:31:34.185774: Actual Speed =10.006.
INFO:root:2016-12-22 11:31:34.186677: Integer Speed =10.
INFO:root:2016-12-22 11:31:34.186946: Decimal Speed =0.
INFO:root:2016-12-22 11:31:34.287365: Actual Speed =10.0.
INFO:root:2016-12-22 11:31:34.288302: Integer Speed =10.
INFO:root:2016-12-22 11:31:34.288579: Decimal Speed =6.
INFO:root:2016-12-22 11:31:34.389008: Actual Speed =10.006.
INFO:root:2016-12-22 11:31:34.389919: Integer Speed =10.
INFO:root:2016-12-22 11:31:34.390186: Decimal Speed =6.
INFO:root:2016-12-22 11:31:34.490614: Actual Speed =10.006.
INFO:root:2016-12-22 11:31:34.491574: Integer Speed =9.
INFO:root:2016-12-22 11:31:34.491847: Decimal Speed =989.
INFO:root:2016-12-22 11:31:34.592272: Actual Speed =9.989.
INFO:root:2016-12-22 11:31:34.593183: Integer Speed =9.
INFO:root:2016-12-22 11:31:34.593453: Decimal Speed =989.
INFO:root:2016-12-22 11:31:34.693881: Actual Speed =9.989.
INFO:root:2016-12-22 11:31:34.694795: Integer Speed =10.
INFO:root:2016-12-22 11:31:34.695059: Decimal Speed =6.
INFO:root:2016-12-22 11:31:34.795482: Actual Speed =10.006.
INFO:root:2016-12-22 11:31:34.796391: Integer Speed =10.
INFO:root:2016-12-22 11:31:34.796653: Decimal Speed =6.
INFO:root:2016-12-22 11:31:34.897077: Actual Speed =10.006.
INFO:root:2016-12-22 11:31:34.897990: Integer Speed =10.
INFO:root:2016-12-22 11:31:34.898256: Decimal Speed =6.
INFO:root:2016-12-22 11:31:34.998681: Actual Speed =10.006.
INFO:root:2016-12-22 11:31:34.999584: Integer Speed =10.
INFO:root:2016-12-22 11:31:34.999877: Decimal Speed =6.
INFO:root:2016-12-22 11:31:35.100405: Actual Speed =10.006.
INFO:root:2016-12-22 11:31:35.101440: Integer Speed =10.
INFO:root:2016-12-22 11:31:35.101842: Decimal Speed =6.
INFO:root:2016-12-22 11:31:35.202312: Actual Speed =10.006.
INFO:root:2016-12-22 11:31:35.203226: Integer Speed =9.
INFO:root:2016-12-22 11:31:35.203493: Decimal Speed =989.
INFO:root:2016-12-22 11:31:35.303972: Actual Speed =9.989.
INFO:root:2016-12-22 11:31:35.304899: Integer Speed =9.
INFO:root:2016-12-22 11:31:35.305163: Decimal Speed =989.
INFO:root:2016-12-22 11:31:35.405586: Actual Speed =9.989.
INFO:root:2016-12-22 11:31:35.406507: Integer Speed =10.
INFO:root:2016-12-22 11:31:35.406776: Decimal Speed =6.
INFO:root:2016-12-22 11:31:35.507202: Actual Speed =10.006.
INFO:root:2016-12-22 11:31:35.508110: Integer Speed =10.
INFO:root:2016-12-22 11:31:35.508374: Decimal Speed =6.
INFO:root:2016-12-22 11:31:35.608796: Actual Speed =10.006.
INFO:root:2016-12-22 11:31:35.609701: Integer Speed =10.
INFO:root:2016-12-22 11:31:35.609966: Decimal Speed =6.
INFO:root:2016-12-22 11:31:35.710388: Actual Speed =10.006.
INFO:root:2016-12-22 11:31:35.711347: Integer Speed =10.
INFO:root:2016-12-22 11:31:35.711635: Decimal Speed =6.
INFO:root:2016-12-22 11:31:35.812060: Actual Speed =10.006.
INFO:root:2016-12-22 11:31:35.812964: Integer Speed =10.
INFO:root:2016-12-22 11:31:35.813358: Decimal Speed =6.
INFO:root:2016-12-22 11:31:35.913796: Actual Speed =10.006.
INFO:root:2016-12-22 11:31:35.921235: Integer Speed =9.
INFO:root:2016-12-22 11:31:35.921616: Decimal Speed =989.
INFO:root:2016-12-22 11:31:36.022055: Actual Speed =9.989.
INFO:root:2016-12-22 11:31:36.022975: Integer Speed =10.
INFO:root:2016-12-22 11:31:36.023244: Decimal Speed =6.
INFO:root:2016-12-22 11:31:36.123668: Actual Speed =10.006.
INFO:root:2016-12-22 11:31:36.124574: Integer Speed =10.
INFO:root:2016-12-22 11:31:36.124840: Decimal Speed =6.
INFO:root:2016-12-22 11:31:36.225260: Actual Speed =10.006.
INFO:root:2016-12-22 11:31:36.226172: Integer Speed =9.
INFO:root:2016-12-22 11:31:36.226438: Decimal Speed =989.
INFO:root:2016-12-22 11:31:36.326905: Actual Speed =9.989.
INFO:root:2016-12-22 11:31:36.327813: Integer Speed =9.
INFO:root:2016-12-22 11:31:36.328098: Decimal Speed =768.
INFO:root:2016-12-22 11:31:36.428533: Actual Speed =9.768.
INFO:root:2016-12-22 11:31:36.429501: Integer Speed =9.
INFO:root:2016-12-22 11:31:36.429803: Decimal Speed =989.
INFO:root:2016-12-22 11:31:36.530227: Actual Speed =9.989.
INFO:root:2016-12-22 11:31:36.531128: Integer Speed =10.
INFO:root:2016-12-22 11:31:36.531391: Decimal Speed =6.
INFO:root:2016-12-22 11:31:36.631818: Actual Speed =10.006.
INFO:root:2016-12-22 11:31:36.632753: Integer Speed =10.
INFO:root:2016-12-22 11:31:36.633025: Decimal Speed =6.
INFO:root:2016-12-22 11:31:36.733451: Actual Speed =10.006.
INFO:root:2016-12-22 11:31:36.734358: Integer Speed =10.
INFO:root:2016-12-22 11:31:36.734623: Decimal Speed =6.
INFO:root:2016-12-22 11:31:36.835049: Actual Speed =10.006.
INFO:root:2016-12-22 11:31:36.835969: Integer Speed =9.
INFO:root:2016-12-22 11:31:36.836238: Decimal Speed =989.
INFO:root:2016-12-22 11:31:36.936657: Actual Speed =9.989.
INFO:root:2016-12-22 11:31:36.937565: Integer Speed =9.
INFO:root:2016-12-22 11:31:36.937830: Decimal Speed =989.
INFO:root:2016-12-22 11:31:37.038251: Actual Speed =9.989.
INFO:root:2016-12-22 11:31:37.039163: Integer Speed =10.
INFO:root:2016-12-22 11:31:37.039425: Decimal Speed =6.
INFO:root:2016-12-22 11:31:37.139849: Actual Speed =10.006.
INFO:root:2016-12-22 11:31:37.140766: Integer Speed =9.
INFO:root:2016-12-22 11:31:37.141169: Decimal Speed =989.
INFO:root:2016-12-22 11:31:37.241604: Actual Speed =9.989.
INFO:root:2016-12-22 11:31:37.242522: Integer Speed =10.
INFO:root:2016-12-22 11:31:37.242785: Decimal Speed =6.
INFO:root:2016-12-22 11:31:37.343215: Actual Speed =10.006.
INFO:root:2016-12-22 11:31:37.344129: Integer Speed =10.
INFO:root:2016-12-22 11:31:37.344436: Decimal Speed =6.
INFO:root:2016-12-22 11:31:37.444869: Actual Speed =10.006.
INFO:root:2016-12-22 11:31:37.445784: Integer Speed =10.
INFO:root:2016-12-22 11:31:37.446044: Decimal Speed =6.
INFO:root:2016-12-22 11:31:37.546466: Actual Speed =10.006.
INFO:root:2016-12-22 11:31:37.547385: Integer Speed =9.
INFO:root:2016-12-22 11:31:37.547648: Decimal Speed =989.
INFO:root:2016-12-22 11:31:37.648075: Actual Speed =9.989.
INFO:root:2016-12-22 11:31:37.649025: Integer Speed =9.
INFO:root:2016-12-22 11:31:37.649348: Decimal Speed =989.
INFO:root:2016-12-22 11:31:37.749780: Actual Speed =9.989.
INFO:root:2016-12-22 11:31:37.750693: Integer Speed =10.
INFO:root:2016-12-22 11:31:37.751002: Decimal Speed =6.
INFO:root:2016-12-22 11:31:37.851436: Actual Speed =10.006.
INFO:root:2016-12-22 11:31:37.852346: Integer Speed =9.
INFO:root:2016-12-22 11:31:37.852614: Decimal Speed =989.
INFO:root:2016-12-22 11:31:37.953034: Actual Speed =9.989.
INFO:root:2016-12-22 11:31:37.953934: Integer Speed =10.
INFO:root:2016-12-22 11:31:37.954325: Decimal Speed =6.
INFO:root:2016-12-22 11:31:38.054767: Actual Speed =10.006.
INFO:root:2016-12-22 11:31:38.055677: Integer Speed =10.
INFO:root:2016-12-22 11:31:38.055946: Decimal Speed =6.
INFO:root:2016-12-22 11:31:38.156372: Actual Speed =10.006.
INFO:root:2016-12-22 11:31:38.157292: Integer Speed =10.
INFO:root:2016-12-22 11:31:38.157552: Decimal Speed =6.
INFO:root:2016-12-22 11:31:38.257983: Actual Speed =10.006.
INFO:root:2016-12-22 11:31:38.258912: Integer Speed =9.
INFO:root:2016-12-22 11:31:38.259176: Decimal Speed =989.
INFO:root:2016-12-22 11:31:38.359603: Actual Speed =9.989.
INFO:root:2016-12-22 11:31:38.360517: Integer Speed =9.
INFO:root:2016-12-22 11:31:38.360790: Decimal Speed =989.
INFO:root:2016-12-22 11:31:38.461268: Actual Speed =9.989.
INFO:root:2016-12-22 11:31:38.462173: Integer Speed =10.
INFO:root:2016-12-22 11:31:38.462430: Decimal Speed =6.
INFO:root:2016-12-22 11:31:38.562853: Actual Speed =10.006.
INFO:root:2016-12-22 11:31:38.563742: Integer Speed =10.
INFO:root:2016-12-22 11:31:38.564001: Decimal Speed =6.
INFO:root:2016-12-22 11:31:38.664434: Actual Speed =10.006.
INFO:root:2016-12-22 11:31:38.665358: Integer Speed =10.
INFO:root:2016-12-22 11:31:38.665625: Decimal Speed =6.
INFO:root:2016-12-22 11:31:38.766055: Actual Speed =10.006.
INFO:root:2016-12-22 11:31:38.766961: Integer Speed =10.
INFO:root:2016-12-22 11:31:38.767228: Decimal Speed =6.
INFO:root:2016-12-22 11:31:38.867652: Actual Speed =10.006.
INFO:root:2016-12-22 11:31:38.868561: Integer Speed =10.
INFO:root:2016-12-22 11:31:38.868834: Decimal Speed =6.
INFO:root:2016-12-22 11:31:38.969259: Actual Speed =10.006.
INFO:root:2016-12-22 11:31:38.970183: Integer Speed =9.
INFO:root:2016-12-22 11:31:38.970480: Decimal Speed =989.
INFO:root:2016-12-22 11:31:39.070950: Actual Speed =9.989.
INFO:root:2016-12-22 11:31:39.071862: Integer Speed =9.
INFO:root:2016-12-22 11:31:39.072130: Decimal Speed =989.
INFO:root:2016-12-22 11:31:39.172555: Actual Speed =9.989.
INFO:root:2016-12-22 11:31:39.173461: Integer Speed =10.
INFO:root:2016-12-22 11:31:39.173724: Decimal Speed =6.
INFO:root:2016-12-22 11:31:39.274146: Actual Speed =10.006.
INFO:root:2016-12-22 11:31:39.275066: Integer Speed =10.
INFO:root:2016-12-22 11:31:39.275328: Decimal Speed =6.
INFO:root:2016-12-22 11:31:39.375754: Actual Speed =10.006.
INFO:root:2016-12-22 11:31:39.376655: Integer Speed =10.
INFO:root:2016-12-22 11:31:39.376932: Decimal Speed =6.
INFO:root:2016-12-22 11:31:39.477363: Actual Speed =10.006.
INFO:root:2016-12-22 11:31:39.478268: Integer Speed =10.
INFO:root:2016-12-22 11:31:39.478677: Decimal Speed =6.
INFO:root:2016-12-22 11:31:39.579191: Actual Speed =10.006.
INFO:root:2016-12-22 11:31:39.580187: Integer Speed =9.
INFO:root:2016-12-22 11:31:39.580582: Decimal Speed =989.
INFO:root:2016-12-22 11:31:39.681043: Actual Speed =9.989.
INFO:root:2016-12-22 11:31:39.681949: Integer Speed =9.
INFO:root:2016-12-22 11:31:39.682215: Decimal Speed =989.
INFO:root:2016-12-22 11:31:39.782640: Actual Speed =9.989.
INFO:root:2016-12-22 11:31:39.783547: Integer Speed =10.
INFO:root:2016-12-22 11:31:39.783814: Decimal Speed =6.
INFO:root:2016-12-22 11:31:39.884237: Actual Speed =10.006.
INFO:root:2016-12-22 11:31:39.885229: Integer Speed =10.
INFO:root:2016-12-22 11:31:39.885521: Decimal Speed =6.
INFO:root:2016-12-22 11:31:39.985941: Actual Speed =10.006.
INFO:root:2016-12-22 11:31:39.986835: Integer Speed =10.
INFO:root:2016-12-22 11:31:39.987094: Decimal Speed =6.
INFO:root:2016-12-22 11:31:40.087511: Actual Speed =10.006.
INFO:root:2016-12-22 11:31:40.088456: Integer Speed =9.
INFO:root:2016-12-22 11:31:40.088778: Decimal Speed =989.
INFO:root:2016-12-22 11:31:40.189197: Actual Speed =9.989.
INFO:root:2016-12-22 11:31:40.190088: Integer Speed =9.
INFO:root:2016-12-22 11:31:40.190352: Decimal Speed =989.
INFO:root:2016-12-22 11:31:40.290769: Actual Speed =9.989.
INFO:root:2016-12-22 11:31:40.291709: Integer Speed =9.
INFO:root:2016-12-22 11:31:40.291981: Decimal Speed =989.
INFO:root:2016-12-22 11:31:40.392403: Actual Speed =9.989.
INFO:root:2016-12-22 11:31:40.393329: Integer Speed =9.
INFO:root:2016-12-22 11:31:40.393604: Decimal Speed =989.
INFO:root:2016-12-22 11:31:40.494021: Actual Speed =9.989.
INFO:root:2016-12-22 11:31:40.494912: Integer Speed =10.
INFO:root:2016-12-22 11:31:40.495175: Decimal Speed =6.
INFO:root:2016-12-22 11:31:40.595589: Actual Speed =10.006.
INFO:root:2016-12-22 11:31:40.596472: Integer Speed =10.
INFO:root:2016-12-22 11:31:40.596738: Decimal Speed =6.
INFO:root:2016-12-22 11:31:40.697156: Actual Speed =10.006.
INFO:root:2016-12-22 11:31:40.698055: Integer Speed =10.
INFO:root:2016-12-22 11:31:40.698319: Decimal Speed =6.
INFO:root:2016-12-22 11:31:40.798736: Actual Speed =10.006.
INFO:root:2016-12-22 11:31:40.799630: Integer Speed =9.
INFO:root:2016-12-22 11:31:40.799892: Decimal Speed =989.
INFO:root:2016-12-22 11:31:40.900313: Actual Speed =9.989.
INFO:root:2016-12-22 11:31:40.901226: Integer Speed =9.
INFO:root:2016-12-22 11:31:40.901500: Decimal Speed =989.
INFO:root:2016-12-22 11:31:41.001925: Actual Speed =9.989.
INFO:root:2016-12-22 11:31:41.002845: Integer Speed =9.
INFO:root:2016-12-22 11:31:41.003118: Decimal Speed =221.
INFO:root:2016-12-22 11:31:41.103606: Actual Speed =9.221.
INFO:root:2016-12-22 11:31:41.104597: Integer Speed =9.
INFO:root:2016-12-22 11:31:41.105049: Decimal Speed =989.
INFO:root:2016-12-22 11:31:41.205506: Actual Speed =9.989.
INFO:root:2016-12-22 11:31:41.206404: Integer Speed =10.
INFO:root:2016-12-22 11:31:41.206666: Decimal Speed =6.
INFO:root:2016-12-22 11:31:41.307080: Actual Speed =10.006.
INFO:root:2016-12-22 11:31:41.307983: Integer Speed =10.
INFO:root:2016-12-22 11:31:41.308245: Decimal Speed =6.
INFO:root:2016-12-22 11:31:41.408664: Actual Speed =10.006.
INFO:root:2016-12-22 11:31:41.409582: Integer Speed =10.
INFO:root:2016-12-22 11:31:41.409850: Decimal Speed =6.
INFO:root:2016-12-22 11:31:41.510265: Actual Speed =10.006.
INFO:root:2016-12-22 11:31:41.511166: Integer Speed =9.
INFO:root:2016-12-22 11:31:41.511432: Decimal Speed =989.
INFO:root:2016-12-22 11:31:41.611854: Actual Speed =9.989.
INFO:root:2016-12-22 11:31:41.612756: Integer Speed =9.
INFO:root:2016-12-22 11:31:41.613024: Decimal Speed =989.
INFO:root:2016-12-22 11:31:41.713439: Actual Speed =9.989.
INFO:root:2016-12-22 11:31:41.714336: Integer Speed =10.
INFO:root:2016-12-22 11:31:41.714599: Decimal Speed =6.
INFO:root:2016-12-22 11:31:41.815013: Actual Speed =10.006.
INFO:root:2016-12-22 11:31:41.815906: Integer Speed =9.
INFO:root:2016-12-22 11:31:41.816172: Decimal Speed =989.
INFO:root:2016-12-22 11:31:41.916631: Actual Speed =9.989.
INFO:root:2016-12-22 11:31:41.917535: Integer Speed =10.
INFO:root:2016-12-22 11:31:41.917796: Decimal Speed =6.
INFO:root:2016-12-22 11:31:42.018214: Actual Speed =10.006.
INFO:root:2016-12-22 11:31:42.019135: Integer Speed =10.
INFO:root:2016-12-22 11:31:42.019401: Decimal Speed =6.
INFO:root:2016-12-22 11:31:42.119820: Actual Speed =10.006.
INFO:root:2016-12-22 11:31:42.120733: Integer Speed =10.
INFO:root:2016-12-22 11:31:42.121106: Decimal Speed =6.
INFO:root:2016-12-22 11:31:42.221536: Actual Speed =10.006.
INFO:root:2016-12-22 11:31:42.222456: Integer Speed =9.
INFO:root:2016-12-22 11:31:42.222719: Decimal Speed =989.
INFO:root:2016-12-22 11:31:42.323134: Actual Speed =9.989.
INFO:root:2016-12-22 11:31:42.324050: Integer Speed =9.
INFO:root:2016-12-22 11:31:42.324313: Decimal Speed =989.
INFO:root:2016-12-22 11:31:42.424783: Actual Speed =9.989.
INFO:root:2016-12-22 11:31:42.425816: Integer Speed =10.
INFO:root:2016-12-22 11:31:42.426262: Decimal Speed =6.
INFO:root:2016-12-22 11:31:42.526776: Actual Speed =10.006.
INFO:root:2016-12-22 11:31:42.527710: Integer Speed =10.
INFO:root:2016-12-22 11:31:42.527981: Decimal Speed =6.
INFO:root:2016-12-22 11:31:42.628403: Actual Speed =10.006.
INFO:root:2016-12-22 11:31:42.629303: Integer Speed =10.
INFO:root:2016-12-22 11:31:42.629573: Decimal Speed =6.
INFO:root:2016-12-22 11:31:42.729990: Actual Speed =10.006.
INFO:root:2016-12-22 11:31:42.730893: Integer Speed =10.
INFO:root:2016-12-22 11:31:42.731230: Decimal Speed =6.
INFO:root:2016-12-22 11:31:42.831655: Actual Speed =10.006.
INFO:root:2016-12-22 11:31:42.832555: Integer Speed =9.
INFO:root:2016-12-22 11:31:42.832963: Decimal Speed =989.
INFO:root:2016-12-22 11:31:42.933461: Actual Speed =9.989.
INFO:root:2016-12-22 11:31:42.934369: Integer Speed =9.
INFO:root:2016-12-22 11:31:42.934634: Decimal Speed =989.
INFO:root:2016-12-22 11:31:43.035048: Actual Speed =9.989.
INFO:root:2016-12-22 11:31:43.035942: Integer Speed =10.
INFO:root:2016-12-22 11:31:43.036202: Decimal Speed =6.
INFO:root:2016-12-22 11:31:43.136620: Actual Speed =10.006.
INFO:root:2016-12-22 11:31:43.137552: Integer Speed =10.
INFO:root:2016-12-22 11:31:43.137822: Decimal Speed =6.
INFO:root:2016-12-22 11:31:43.238242: Actual Speed =10.006.
INFO:root:2016-12-22 11:31:43.239151: Integer Speed =10.
INFO:root:2016-12-22 11:31:43.239420: Decimal Speed =6.
INFO:root:2016-12-22 11:31:43.339835: Actual Speed =10.006.
INFO:root:2016-12-22 11:31:43.340727: Integer Speed =10.
INFO:root:2016-12-22 11:31:43.341046: Decimal Speed =6.
INFO:root:2016-12-22 11:31:43.441473: Actual Speed =10.006.
INFO:root:2016-12-22 11:31:43.442365: Integer Speed =10.
INFO:root:2016-12-22 11:31:43.442632: Decimal Speed =6.
INFO:root:2016-12-22 11:31:43.543047: Actual Speed =10.006.
INFO:root:2016-12-22 11:31:43.544045: Integer Speed =9.
INFO:root:2016-12-22 11:31:43.544353: Decimal Speed =989.
INFO:root:2016-12-22 11:31:43.644776: Actual Speed =9.989.
INFO:root:2016-12-22 11:31:43.645679: Integer Speed =9.
INFO:root:2016-12-22 11:31:43.645944: Decimal Speed =989.
INFO:root:2016-12-22 11:31:43.746358: Actual Speed =9.989.
INFO:root:2016-12-22 11:31:43.747254: Integer Speed =10.
INFO:root:2016-12-22 11:31:43.747516: Decimal Speed =6.
INFO:root:2016-12-22 11:31:43.847934: Actual Speed =10.006.
INFO:root:2016-12-22 11:31:43.848835: Integer Speed =10.
INFO:root:2016-12-22 11:31:43.849131: Decimal Speed =6.
INFO:root:2016-12-22 11:31:43.949556: Actual Speed =10.006.
INFO:root:2016-12-22 11:31:43.950461: Integer Speed =10.
INFO:root:2016-12-22 11:31:43.950725: Decimal Speed =6.
INFO:root:2016-12-22 11:31:44.051204: Actual Speed =10.006.
INFO:root:2016-12-22 11:31:44.052134: Integer Speed =9.
INFO:root:2016-12-22 11:31:44.052403: Decimal Speed =989.
INFO:root:2016-12-22 11:31:44.152825: Actual Speed =9.989.
INFO:root:2016-12-22 11:31:44.153750: Integer Speed =10.
INFO:root:2016-12-22 11:31:44.154021: Decimal Speed =6.
INFO:root:2016-12-22 11:31:44.254442: Actual Speed =10.006.
INFO:root:2016-12-22 11:31:44.255350: Integer Speed =9.
INFO:root:2016-12-22 11:31:44.255620: Decimal Speed =989.
INFO:root:2016-12-22 11:31:44.356042: Actual Speed =9.989.
INFO:root:2016-12-22 11:31:44.356948: Integer Speed =9.
INFO:root:2016-12-22 11:31:44.357213: Decimal Speed =989.
INFO:root:2016-12-22 11:31:44.457633: Actual Speed =9.989.
INFO:root:2016-12-22 11:31:44.458542: Integer Speed =10.
INFO:root:2016-12-22 11:31:44.458803: Decimal Speed =6.
INFO:root:2016-12-22 11:31:44.559244: Actual Speed =10.006.
INFO:root:2016-12-22 11:31:44.560279: Integer Speed =10.
INFO:root:2016-12-22 11:31:44.560692: Decimal Speed =6.
INFO:root:2016-12-22 11:31:44.661193: Actual Speed =10.006.
INFO:root:2016-12-22 11:31:44.662121: Integer Speed =10.
INFO:root:2016-12-22 11:31:44.662410: Decimal Speed =6.
INFO:root:2016-12-22 11:31:44.762848: Actual Speed =10.006.
INFO:root:2016-12-22 11:31:44.763788: Integer Speed =9.
INFO:root:2016-12-22 11:31:44.764059: Decimal Speed =989.
INFO:root:2016-12-22 11:31:44.864478: Actual Speed =9.989.
INFO:root:2016-12-22 11:31:44.865373: Integer Speed =9.
INFO:root:2016-12-22 11:31:44.865690: Decimal Speed =989.
INFO:root:2016-12-22 11:31:44.966115: Actual Speed =9.989.
INFO:root:2016-12-22 11:31:44.967010: Integer Speed =9.
INFO:root:2016-12-22 11:31:44.967275: Decimal Speed =989.
INFO:root:2016-12-22 11:31:45.067691: Actual Speed =9.989.
INFO:root:2016-12-22 11:31:45.068585: Integer Speed =9.
INFO:root:2016-12-22 11:31:45.068851: Decimal Speed =989.
INFO:root:2016-12-22 11:31:45.169280: Actual Speed =9.989.
INFO:root:2016-12-22 11:31:45.170197: Integer Speed =10.
INFO:root:2016-12-22 11:31:45.170463: Decimal Speed =6.
INFO:root:2016-12-22 11:31:45.270990: Actual Speed =10.006.
INFO:root:2016-12-22 11:31:45.272180: Integer Speed =10.
INFO:root:2016-12-22 11:31:45.272640: Decimal Speed =6.
INFO:root:2016-12-22 11:31:45.373386: Actual Speed =10.006.
INFO:root:2016-12-22 11:31:45.374625: Integer Speed =10.
INFO:root:2016-12-22 11:31:45.375211: Decimal Speed =6.
INFO:root:2016-12-22 11:31:45.475888: Actual Speed =10.006.
INFO:root:2016-12-22 11:31:45.476835: Integer Speed =9.
INFO:root:2016-12-22 11:31:45.477282: Decimal Speed =989.
INFO:root:2016-12-22 11:31:45.577902: Actual Speed =9.989.
INFO:root:2016-12-22 11:31:45.578819: Integer Speed =9.
INFO:root:2016-12-22 11:31:45.579124: Decimal Speed =989.
INFO:root:2016-12-22 11:31:45.679560: Actual Speed =9.989.
INFO:root:2016-12-22 11:31:45.680495: Integer Speed =10.
INFO:root:2016-12-22 11:31:45.680765: Decimal Speed =6.
INFO:root:2016-12-22 11:31:45.781252: Actual Speed =10.006.
INFO:root:2016-12-22 11:31:45.782177: Integer Speed =10.
INFO:root:2016-12-22 11:31:45.782443: Decimal Speed =6.
INFO:root:2016-12-22 11:31:45.882871: Actual Speed =10.006.
INFO:root:2016-12-22 11:31:45.883803: Integer Speed =10.
INFO:root:2016-12-22 11:31:45.884072: Decimal Speed =6.
INFO:root:2016-12-22 11:31:45.984506: Actual Speed =10.006.
INFO:root:2016-12-22 11:31:45.985455: Integer Speed =10.
INFO:root:2016-12-22 11:31:45.991841: Decimal Speed =6.
INFO:root:2016-12-22 11:31:46.092355: Actual Speed =10.006.
INFO:root:2016-12-22 11:31:46.093274: Integer Speed =10.
INFO:root:2016-12-22 11:31:46.093541: Decimal Speed =6.
INFO:root:2016-12-22 11:31:46.193973: Actual Speed =10.006.
INFO:root:2016-12-22 11:31:46.194893: Integer Speed =10.
INFO:root:2016-12-22 11:31:46.195161: Decimal Speed =6.
INFO:root:2016-12-22 11:31:46.295592: Actual Speed =10.006.
INFO:root:2016-12-22 11:31:46.296526: Integer Speed =10.
INFO:root:2016-12-22 11:31:46.296797: Decimal Speed =6.
